2021-10-18 00:45:28.527  INFO 12812 --- [SpringApplicationShutdownHook] j.LocalContainerEntityManagerFactoryBean : Closing JPA EntityManagerFactory for persistence unit 'default'
2021-10-18 00:45:28.589  INFO 12812 --- [SpringApplicationShutdownHook] com.zaxxer.hikari.HikariDataSource       : HikariPool-1 - Shutdown initiated...
2021-10-18 00:45:28.622  INFO 12812 --- [SpringApplicationShutdownHook] com.zaxxer.hikari.HikariDataSource       : HikariPool-1 - Shutdown completed.
2021-10-18 00:45:43.965  INFO 19112 --- [main] .e.c.CallCenterForLoanProjectApplication : Starting CallCenterForLoanProjectApplication using Java 11.0.12 on EXB1515 with PID 19112 (C:\Users\amrah.ahmadov\IdeaProjects\Credit\target\classes started by amrah.ahmadov in C:\Users\amrah.ahmadov\IdeaProjects\Credit)
2021-10-18 00:45:43.965  INFO 19112 --- [main] .e.c.CallCenterForLoanProjectApplication : No active profile set, falling back to default profiles: default
2021-10-18 00:45:44.930  INFO 19112 --- [main] .s.d.r.c.RepositoryConfigurationDelegate : Bootstrapping Spring Data JPA repositories in DEFAULT mode.
2021-10-18 00:45:45.025  INFO 19112 --- [main] .s.d.r.c.RepositoryConfigurationDelegate : Finished Spring Data repository scanning in 92 ms. Found 3 JPA repository interfaces.
2021-10-18 00:45:45.368  INFO 19112 --- [main] trationDelegate$BeanPostProcessorChecker : Bean 'org.springframework.security.access.expression.method.DefaultMethodSecurityExpressionHandler@480ad82c' of type [org.springframework.security.access.expression.method.DefaultMethodSecurityExpressionHandler] is not eligible for getting processed by all BeanPostProcessors (for example: not eligible for auto-proxying)
2021-10-18 00:45:45.384  INFO 19112 --- [main] trationDelegate$BeanPostProcessorChecker : Bean 'methodSecurityMetadataSource' of type [org.springframework.security.access.method.DelegatingMethodSecurityMetadataSource] is not eligible for getting processed by all BeanPostProcessors (for example: not eligible for auto-proxying)
2021-10-18 00:45:45.619  INFO 19112 --- [main] o.s.b.w.embedded.tomcat.TomcatWebServer  : Tomcat initialized with port(s): 8080 (http)
2021-10-18 00:45:45.619  INFO 19112 --- [main] o.apache.catalina.core.StandardService   : Starting service [Tomcat]
2021-10-18 00:45:45.619  INFO 19112 --- [main] org.apache.catalina.core.StandardEngine  : Starting Servlet engine: [Apache Tomcat/9.0.53]
2021-10-18 00:45:45.835  INFO 19112 --- [main] o.a.c.c.C.[Tomcat].[localhost].[/]       : Initializing Spring embedded WebApplicationContext
2021-10-18 00:45:45.835  INFO 19112 --- [main] w.s.c.ServletWebServerApplicationContext : Root WebApplicationContext: initialization completed in 1822 ms
2021-10-18 00:45:46.038  INFO 19112 --- [main] o.hibernate.jpa.internal.util.LogHelper  : HHH000204: Processing PersistenceUnitInfo [name: default]
2021-10-18 00:45:46.101  INFO 19112 --- [main] org.hibernate.Version                    : HHH000412: Hibernate ORM core version 5.4.32.Final
2021-10-18 00:45:46.226  INFO 19112 --- [main] o.hibernate.annotations.common.Version   : HCANN000001: Hibernate Commons Annotations {5.1.2.Final}
2021-10-18 00:45:46.321  INFO 19112 --- [main] com.zaxxer.hikari.HikariDataSource       : HikariPool-1 - Starting...
2021-10-18 00:45:46.666  INFO 19112 --- [main] com.zaxxer.hikari.HikariDataSource       : HikariPool-1 - Start completed.
2021-10-18 00:45:46.682  INFO 19112 --- [main] org.hibernate.dialect.Dialect            : HHH000400: Using dialect: org.hibernate.dialect.Oracle10gDialect
2021-10-18 00:46:49.415  INFO 19112 --- [main] o.h.e.t.j.p.i.JtaPlatformInitiator       : HHH000490: Using JtaPlatform implementation: [org.hibernate.engine.transaction.jta.platform.internal.NoJtaPlatform]
2021-10-18 00:46:49.433  INFO 19112 --- [main] j.LocalContainerEntityManagerFactoryBean : Initialized JPA EntityManagerFactory for persistence unit 'default'
2021-10-18 00:46:49.626  WARN 19112 --- [main] JpaBaseConfiguration$JpaWebConfiguration : spring.jpa.open-in-view is enabled by default. Therefore, database queries may be performed during view rendering. Explicitly configure spring.jpa.open-in-view to disable this warning
2021-10-18 00:46:50.115  INFO 19112 --- [main] o.s.s.web.DefaultSecurityFilterChain     : Will secure any request with [org.springframework.security.web.context.request.async.WebAsyncManagerIntegrationFilter@5d9d8ecf, org.springframework.security.web.context.SecurityContextPersistenceFilter@7f2542f, org.springframework.security.web.header.HeaderWriterFilter@10e4cc6, org.springframework.security.web.authentication.logout.LogoutFilter@790d629a, com.example.callcenterforloanproject.jwt.JwtRequestFilter@3ddac0b6, org.springframework.security.web.savedrequest.RequestCacheAwareFilter@301f9aa0, org.springframework.security.web.servletapi.SecurityContextHolderAwareRequestFilter@7eea934d, org.springframework.security.web.authentication.AnonymousAuthenticationFilter@43cc7951, org.springframework.security.web.session.SessionManagementFilter@870a9f2, org.springframework.security.web.access.ExceptionTranslationFilter@4bac0be5, org.springframework.security.web.access.intercept.FilterSecurityInterceptor@c14bbab]
2021-10-18 00:46:50.524  INFO 19112 --- [main] o.s.b.w.embedded.tomcat.TomcatWebServer  : Tomcat started on port(s): 8080 (http) with context path ''
2021-10-18 00:46:50.540  INFO 19112 --- [main] .e.c.CallCenterForLoanProjectApplication : Started CallCenterForLoanProjectApplication in 67.006 seconds (JVM running for 68.253)
2021-10-18 00:46:59.569  INFO 19112 --- [http-nio-8080-exec-2] o.a.c.c.C.[Tomcat].[localhost].[/]       : Initializing Spring DispatcherServlet 'dispatcherServlet'
2021-10-18 00:46:59.570  INFO 19112 --- [http-nio-8080-exec-2] o.s.web.servlet.DispatcherServlet        : Initializing Servlet 'dispatcherServlet'
2021-10-18 00:46:59.572  INFO 19112 --- [http-nio-8080-exec-2] o.s.web.servlet.DispatcherServlet        : Completed initialization in 2 ms
2021-10-18 01:06:07.373  INFO 19112 --- [SpringApplicationShutdownHook] j.LocalContainerEntityManagerFactoryBean : Closing JPA EntityManagerFactory for persistence unit 'default'
2021-10-18 01:06:07.373  INFO 19112 --- [SpringApplicationShutdownHook] com.zaxxer.hikari.HikariDataSource       : HikariPool-1 - Shutdown initiated...
2021-10-18 01:06:07.419  INFO 19112 --- [SpringApplicationShutdownHook] com.zaxxer.hikari.HikariDataSource       : HikariPool-1 - Shutdown completed.
2021-10-18 01:06:13.262  INFO 15848 --- [main] .e.c.CallCenterForLoanProjectApplication : Starting CallCenterForLoanProjectApplication using Java 11.0.12 on EXB1515 with PID 15848 (C:\Users\amrah.ahmadov\IdeaProjects\Credit\target\classes started by amrah.ahmadov in C:\Users\amrah.ahmadov\IdeaProjects\Credit)
2021-10-18 01:06:13.287  INFO 15848 --- [main] .e.c.CallCenterForLoanProjectApplication : No active profile set, falling back to default profiles: default
2021-10-18 01:06:14.169  INFO 15848 --- [main] .s.d.r.c.RepositoryConfigurationDelegate : Bootstrapping Spring Data JPA repositories in DEFAULT mode.
2021-10-18 01:06:14.263  INFO 15848 --- [main] .s.d.r.c.RepositoryConfigurationDelegate : Finished Spring Data repository scanning in 85 ms. Found 3 JPA repository interfaces.
2021-10-18 01:06:14.562  INFO 15848 --- [main] trationDelegate$BeanPostProcessorChecker : Bean 'org.springframework.security.access.expression.method.DefaultMethodSecurityExpressionHandler@136965e3' of type [org.springframework.security.access.expression.method.DefaultMethodSecurityExpressionHandler] is not eligible for getting processed by all BeanPostProcessors (for example: not eligible for auto-proxying)
2021-10-18 01:06:14.562  INFO 15848 --- [main] trationDelegate$BeanPostProcessorChecker : Bean 'methodSecurityMetadataSource' of type [org.springframework.security.access.method.DelegatingMethodSecurityMetadataSource] is not eligible for getting processed by all BeanPostProcessors (for example: not eligible for auto-proxying)
2021-10-18 01:06:14.797  INFO 15848 --- [main] o.s.b.w.embedded.tomcat.TomcatWebServer  : Tomcat initialized with port(s): 8080 (http)
2021-10-18 01:06:14.797  INFO 15848 --- [main] o.apache.catalina.core.StandardService   : Starting service [Tomcat]
2021-10-18 01:06:14.797  INFO 15848 --- [main] org.apache.catalina.core.StandardEngine  : Starting Servlet engine: [Apache Tomcat/9.0.53]
2021-10-18 01:06:15.022  INFO 15848 --- [main] o.a.c.c.C.[Tomcat].[localhost].[/]       : Initializing Spring embedded WebApplicationContext
2021-10-18 01:06:15.022  INFO 15848 --- [main] w.s.c.ServletWebServerApplicationContext : Root WebApplicationContext: initialization completed in 1677 ms
2021-10-18 01:06:15.179  INFO 15848 --- [main] o.hibernate.jpa.internal.util.LogHelper  : HHH000204: Processing PersistenceUnitInfo [name: default]
2021-10-18 01:06:15.226  INFO 15848 --- [main] org.hibernate.Version                    : HHH000412: Hibernate ORM core version 5.4.32.Final
2021-10-18 01:06:15.337  INFO 15848 --- [main] o.hibernate.annotations.common.Version   : HCANN000001: Hibernate Commons Annotations {5.1.2.Final}
2021-10-18 01:06:15.416  INFO 15848 --- [main] com.zaxxer.hikari.HikariDataSource       : HikariPool-1 - Starting...
2021-10-18 01:06:15.678  INFO 15848 --- [main] com.zaxxer.hikari.HikariDataSource       : HikariPool-1 - Start completed.
2021-10-18 01:06:15.694  INFO 15848 --- [main] org.hibernate.dialect.Dialect            : HHH000400: Using dialect: org.hibernate.dialect.Oracle10gDialect
2021-10-18 01:07:04.326  INFO 15848 --- [main] o.h.e.t.j.p.i.JtaPlatformInitiator       : HHH000490: Using JtaPlatform implementation: [org.hibernate.engine.transaction.jta.platform.internal.NoJtaPlatform]
2021-10-18 01:07:04.326  INFO 15848 --- [main] j.LocalContainerEntityManagerFactoryBean : Initialized JPA EntityManagerFactory for persistence unit 'default'
2021-10-18 01:07:04.484  WARN 15848 --- [main] JpaBaseConfiguration$JpaWebConfiguration : spring.jpa.open-in-view is enabled by default. Therefore, database queries may be performed during view rendering. Explicitly configure spring.jpa.open-in-view to disable this warning
2021-10-18 01:07:04.900  INFO 15848 --- [main] o.s.s.web.DefaultSecurityFilterChain     : Will secure any request with [org.springframework.security.web.context.request.async.WebAsyncManagerIntegrationFilter@5773f83d, org.springframework.security.web.context.SecurityContextPersistenceFilter@31b7112d, org.springframework.security.web.header.HeaderWriterFilter@523f3c29, org.springframework.security.web.authentication.logout.LogoutFilter@1a7437d8, com.example.callcenterforloanproject.jwt.JwtRequestFilter@18f13756, org.springframework.security.web.savedrequest.RequestCacheAwareFilter@1b5d1d9, org.springframework.security.web.servletapi.SecurityContextHolderAwareRequestFilter@5e83298e, org.springframework.security.web.authentication.AnonymousAuthenticationFilter@7fcfe065, org.springframework.security.web.session.SessionManagementFilter@8b1bfdf, org.springframework.security.web.access.ExceptionTranslationFilter@4700963e, org.springframework.security.web.access.intercept.FilterSecurityInterceptor@59d29065]
2021-10-18 01:07:05.268  INFO 15848 --- [main] o.s.b.w.embedded.tomcat.TomcatWebServer  : Tomcat started on port(s): 8080 (http) with context path ''
2021-10-18 01:07:05.284  INFO 15848 --- [main] .e.c.CallCenterForLoanProjectApplication : Started CallCenterForLoanProjectApplication in 52.538 seconds (JVM running for 53.779)
2021-10-18 01:14:06.544  INFO 15848 --- [SpringApplicationShutdownHook] j.LocalContainerEntityManagerFactoryBean : Closing JPA EntityManagerFactory for persistence unit 'default'
2021-10-18 01:14:06.544  INFO 15848 --- [SpringApplicationShutdownHook] com.zaxxer.hikari.HikariDataSource       : HikariPool-1 - Shutdown initiated...
2021-10-18 01:14:06.588  INFO 15848 --- [SpringApplicationShutdownHook] com.zaxxer.hikari.HikariDataSource       : HikariPool-1 - Shutdown completed.
2021-10-18 01:19:50.561  INFO 17568 --- [main] .e.c.CallCenterForLoanProjectApplication : Starting CallCenterForLoanProjectApplication using Java 11.0.12 on EXB1515 with PID 17568 (C:\Users\amrah.ahmadov\IdeaProjects\Credit\target\classes started by amrah.ahmadov in C:\Users\amrah.ahmadov\IdeaProjects\Credit)
2021-10-18 01:19:50.587  INFO 17568 --- [main] .e.c.CallCenterForLoanProjectApplication : No active profile set, falling back to default profiles: default
2021-10-18 01:19:51.637  INFO 17568 --- [main] .s.d.r.c.RepositoryConfigurationDelegate : Bootstrapping Spring Data JPA repositories in DEFAULT mode.
2021-10-18 01:19:51.732  INFO 17568 --- [main] .s.d.r.c.RepositoryConfigurationDelegate : Finished Spring Data repository scanning in 92 ms. Found 3 JPA repository interfaces.
2021-10-18 01:19:52.110  INFO 17568 --- [main] trationDelegate$BeanPostProcessorChecker : Bean 'org.springframework.security.access.expression.method.DefaultMethodSecurityExpressionHandler@4e49ce2b' of type [org.springframework.security.access.expression.method.DefaultMethodSecurityExpressionHandler] is not eligible for getting processed by all BeanPostProcessors (for example: not eligible for auto-proxying)
2021-10-18 01:19:52.110  INFO 17568 --- [main] trationDelegate$BeanPostProcessorChecker : Bean 'methodSecurityMetadataSource' of type [org.springframework.security.access.method.DelegatingMethodSecurityMetadataSource] is not eligible for getting processed by all BeanPostProcessors (for example: not eligible for auto-proxying)
2021-10-18 01:19:52.399  INFO 17568 --- [main] o.s.b.w.embedded.tomcat.TomcatWebServer  : Tomcat initialized with port(s): 8080 (http)
2021-10-18 01:19:52.415  INFO 17568 --- [main] o.apache.catalina.core.StandardService   : Starting service [Tomcat]
2021-10-18 01:19:52.415  INFO 17568 --- [main] org.apache.catalina.core.StandardEngine  : Starting Servlet engine: [Apache Tomcat/9.0.53]
2021-10-18 01:19:52.618  INFO 17568 --- [main] o.a.c.c.C.[Tomcat].[localhost].[/]       : Initializing Spring embedded WebApplicationContext
2021-10-18 01:19:52.618  INFO 17568 --- [main] w.s.c.ServletWebServerApplicationContext : Root WebApplicationContext: initialization completed in 1979 ms
2021-10-18 01:19:52.776  INFO 17568 --- [main] o.hibernate.jpa.internal.util.LogHelper  : HHH000204: Processing PersistenceUnitInfo [name: default]
2021-10-18 01:19:52.855  INFO 17568 --- [main] org.hibernate.Version                    : HHH000412: Hibernate ORM core version 5.4.32.Final
2021-10-18 01:19:52.986  INFO 17568 --- [main] o.hibernate.annotations.common.Version   : HCANN000001: Hibernate Commons Annotations {5.1.2.Final}
2021-10-18 01:19:53.065  INFO 17568 --- [main] com.zaxxer.hikari.HikariDataSource       : HikariPool-1 - Starting...
2021-10-18 01:19:53.385  INFO 17568 --- [main] com.zaxxer.hikari.HikariDataSource       : HikariPool-1 - Start completed.
2021-10-18 01:19:53.401  INFO 17568 --- [main] org.hibernate.dialect.Dialect            : HHH000400: Using dialect: org.hibernate.dialect.Oracle10gDialect
2021-10-18 01:19:54.506  INFO 17568 --- [main] o.h.e.t.j.p.i.JtaPlatformInitiator       : HHH000490: Using JtaPlatform implementation: [org.hibernate.engine.transaction.jta.platform.internal.NoJtaPlatform]
2021-10-18 01:19:54.506  INFO 17568 --- [main] j.LocalContainerEntityManagerFactoryBean : Initialized JPA EntityManagerFactory for persistence unit 'default'
2021-10-18 01:19:54.663  WARN 17568 --- [main] JpaBaseConfiguration$JpaWebConfiguration : spring.jpa.open-in-view is enabled by default. Therefore, database queries may be performed during view rendering. Explicitly configure spring.jpa.open-in-view to disable this warning
2021-10-18 01:19:55.184  INFO 17568 --- [main] o.s.s.web.DefaultSecurityFilterChain     : Will secure any request with [org.springframework.security.web.context.request.async.WebAsyncManagerIntegrationFilter@675bf541, org.springframework.security.web.context.SecurityContextPersistenceFilter@f833223, org.springframework.security.web.header.HeaderWriterFilter@1361e880, org.springframework.security.web.authentication.logout.LogoutFilter@8b1bfdf, com.example.callcenterforloanproject.jwt.JwtRequestFilter@446a5aa5, org.springframework.security.web.savedrequest.RequestCacheAwareFilter@3f6a9ba0, org.springframework.security.web.servletapi.SecurityContextHolderAwareRequestFilter@27605b87, org.springframework.security.web.authentication.AnonymousAuthenticationFilter@2aac87ab, org.springframework.security.web.session.SessionManagementFilter@542754be, org.springframework.security.web.access.ExceptionTranslationFilter@2fce8243, org.springframework.security.web.access.intercept.FilterSecurityInterceptor@7b6b466a]
2021-10-18 01:19:55.645  INFO 17568 --- [main] o.s.b.w.embedded.tomcat.TomcatWebServer  : Tomcat started on port(s): 8080 (http) with context path ''
2021-10-18 01:19:55.660  INFO 17568 --- [main] .e.c.CallCenterForLoanProjectApplication : Started CallCenterForLoanProjectApplication in 5.657 seconds (JVM running for 7.232)
2021-10-18 01:20:09.277  INFO 17568 --- [http-nio-8080-exec-1] o.a.c.c.C.[Tomcat].[localhost].[/]       : Initializing Spring DispatcherServlet 'dispatcherServlet'
2021-10-18 01:20:09.278  INFO 17568 --- [http-nio-8080-exec-1] o.s.web.servlet.DispatcherServlet        : Initializing Servlet 'dispatcherServlet'
2021-10-18 01:20:09.279  INFO 17568 --- [http-nio-8080-exec-1] o.s.web.servlet.DispatcherServlet        : Completed initialization in 1 ms
2021-10-18 01:20:28.104  WARN 17568 --- [http-nio-8080-exec-3] c.e.c.jwt.JwtRequestFilter               : JWT doesn't begin with Bearer
2021-10-18 01:20:48.501  INFO 17568 --- [http-nio-8080-exec-4] c.e.c.aspect.LoggingAspect               : New loan added with id = 63, consumer name : Resad, consumer surname : Mammadov, address : Baki seheri, Azadliq prospekti, amount : 4000.00, note : Loram ipsum, credit name : Masin, reclam type : Sosial sebeke
2021-10-18 02:08:51.218  WARN 17568 --- [http-nio-8080-exec-6] c.e.c.jwt.JwtRequestFilter               : JWT doesn't begin with Bearer
2021-10-18 02:09:37.975  WARN 17568 --- [http-nio-8080-exec-8] c.e.c.jwt.JwtRequestFilter               : JWT doesn't begin with Bearer
2021-10-18 02:10:08.189  WARN 17568 --- [http-nio-8080-exec-10] c.e.c.jwt.JwtRequestFilter               : JWT doesn't begin with Bearer
2021-10-18 02:10:39.360  WARN 17568 --- [http-nio-8080-exec-3] c.e.c.jwt.JwtRequestFilter               : JWT doesn't begin with Bearer
2021-10-18 02:53:32.851  WARN 17568 --- [http-nio-8080-exec-5] c.e.c.jwt.JwtRequestFilter               : JWT doesn't begin with Bearer
2021-10-18 03:15:45.427  WARN 17568 --- [http-nio-8080-exec-7] c.e.c.jwt.JwtRequestFilter               : JWT doesn't begin with Bearer
2021-10-18 03:30:27.390  WARN 17568 --- [http-nio-8080-exec-6] c.e.c.jwt.JwtRequestFilter               : JWT doesn't begin with Bearer
2021-10-18 03:39:39.729  WARN 17568 --- [http-nio-8080-exec-2] c.e.c.jwt.JwtRequestFilter               : JWT doesn't begin with Bearer
